<?xml version="1.0" encoding="UTF-8"?>
<testng-results skipped="0" failed="0" total="1" passed="1">
  <reporter-output>
  </reporter-output>
  <suite name="Command line suite" duration-ms="125" started-at="2017-07-17T03:12:10Z" finished-at="2017-07-17T03:12:10Z">
    <groups>
    </groups>
    <test name="Command line test" duration-ms="125" started-at="2017-07-17T03:12:10Z" finished-at="2017-07-17T03:12:10Z">
      <class name="com.zoho.AppTest">
        <test-method status="PASS" signature="testApp()[pri:0, instance:testApp(com.zoho.AppTest)]" name="testApp" duration-ms="3" started-at="2017-07-16T23:12:10Z" finished-at="2017-07-16T23:12:10Z">
          <reporter-output>
          </reporter-output>
        </test-method> <!-- testApp -->
      </class> <!-- com.zoho.AppTest -->
    </test> <!-- Command line test -->
  </suite> <!-- Command line suite -->
</testng-results>
