<?xml version="1.0" encoding="UTF-8"?>
<testng-results skipped="0" failed="0" total="2" passed="2">
  <reporter-output>
  </reporter-output>
  <suite name="Command line suite" duration-ms="84" started-at="2017-07-17T03:12:09Z" finished-at="2017-07-17T03:12:09Z">
    <groups>
    </groups>
    <test name="Command line test" duration-ms="84" started-at="2017-07-17T03:12:09Z" finished-at="2017-07-17T03:12:09Z">
      <class name="com.testcases.potentialTest">
        <test-method status="PASS" signature="createPotential()[pri:0, instance:com.testcases.potentialTest@735b478]" name="createPotential" duration-ms="63" started-at="2017-07-16T23:12:09Z" finished-at="2017-07-16T23:12:09Z">
          <reporter-output>
          </reporter-output>
        </test-method> <!-- createPotential -->
        <test-method status="PASS" signature="DeletePotential()[pri:0, instance:com.testcases.potentialTest@735b478]" name="DeletePotential" duration-ms="0" started-at="2017-07-16T23:12:09Z" depends-on-methods="com.testcases.potentialTest.createPotential" finished-at="2017-07-16T23:12:09Z">
          <reporter-output>
          </reporter-output>
        </test-method> <!-- DeletePotential -->
      </class> <!-- com.testcases.potentialTest -->
    </test> <!-- Command line test -->
  </suite> <!-- Command line suite -->
</testng-results>
