<?xml version="1.0" encoding="UTF-8"?><testsuite failures="0" name="cucumber.runtime.formatter.JUnitFormatter" skipped="1" tests="1" time="0">
<testcase classname="ordering a dress" name="Ordering a dress" time="0">
<skipped><![CDATA[Given I open the "URL" on "Chrome"..........................................undefined
And I click on "signin".....................................................undefined
And I Enter the "email".....................................................undefined
And I Enter the "password"..................................................undefined
And I click on "sign".......................................................undefined
And I click on "dress"......................................................undefined
And I click on "summer".....................................................undefined
And I click on "yellowdress"................................................undefined
And I click on "addtocart"..................................................undefined
And I click on "proceed"....................................................undefined
And I click on "address"....................................................undefined
And I click on "checkout"...................................................undefined
And I click on "checkbox"...................................................undefined
And I click on "shipping"...................................................undefined
And I click on "check"......................................................undefined
And I click on "confirm"....................................................undefined
Then the order should be "success"..........................................undefined
]]></skipped>
</testcase>
</testsuite>
